<?xml version='1.0' encoding='UTF-8'?>
<testsuite hostname="MacBook-Air-de-Dieuveille.local" name="com.mygraph.TopologicalSortSpec" tests="1" errors="0" failures="0" skipped="0" time="0.014" timestamp="2024-07-15T12:05:01">
          <properties>
      <property name="java.specification.version" value="17"/><property name="sun.jnu.encoding" value="UTF-8"/><property name="sun.arch.data.model" value="64"/><property name="java.vendor.url" value="http://www.azul.com/"/><property name="sun.boot.library.path" value="/Library/Java/JavaVirtualMachines/zulu-17.jdk/Contents/Home/lib"/><property name="sun.java.command" value="/opt/homebrew/Cellar/sbt/1.10.0/libexec/bin/sbt-launch.jar test"/><property name="jdk.debug" value="release"/><property name="sun.stderr.encoding" value="UTF-8"/><property name="java.specification.vendor" value="Oracle Corporation"/><property name="java.version.date" value="2024-01-16"/><property name="java.home" value="/Library/Java/JavaVirtualMachines/zulu-17.jdk/Contents/Home"/><property name="file.separator" value="/"/><property name="java.vm.compressedOopsMode" value="Zero based"/><property name="line.separator" value="
"/><property name="sun.stdout.encoding" value="UTF-8"/><property name="java.vm.specification.vendor" value="Oracle Corporation"/><property name="java.specification.name" value="Java Platform API Specification"/><property name="sun.management.compiler" value="HotSpot 64-Bit Tiered Compilers"/><property name="java.runtime.version" value="17.0.10+7-LTS"/><property name="user.name" value="dieuveillesuthimpounkouonkoud"/><property name="log4j.ignoreTCL" value="true"/><property name="file.encoding" value="UTF-8"/><property name="java.vendor.version" value="Zulu17.48+15-CA"/><property name="java.io.tmpdir" value="/var/folders/l0/3gzmw78563l7yfz55mym0b0h0000gn/T/"/><property name="java.version" value="17.0.10"/><property name="java.vm.specification.name" value="Java Virtual Machine Specification"/><property name="native.encoding" value="UTF-8"/><property name="java.library.path" value="/Users/dieuveillesuthimpounkouonkoud/Library/Java/Extensions:/Library/Java/Extensions:/Network/Library/Java/Extensions:/System/Library/Java/Extensions:/usr/lib/java:."/><property name="java.vendor" value="Azul Systems, Inc."/><property name="scala.ext.dirs" value="/Users/dieuveillesuthimpounkouonkoud/.sbt/1.0/java9-rt-ext-azul_systems__inc__17_0_10"/><property name="sun.io.unicode.encoding" value="UnicodeBig"/><property name="socksNonProxyHosts" value="local|*.local|169.254/16|*.169.254/16"/><property name="java.class.path" value="/opt/homebrew/Cellar/sbt/1.10.0/libexec/bin/sbt-launch.jar"/><property name="java.vm.vendor" value="Azul Systems, Inc."/><property name="jline.shutdownhook" value="false"/><property name="user.timezone" value="Europe/Paris"/><property name="java.vm.specification.version" value="17"/><property name="os.name" value="Mac OS X"/><property name="sun.java.launcher" value="SUN_STANDARD"/><property name="user.country" value="FR"/><property name="http.nonProxyHosts" value="local|*.local|169.254/16|*.169.254/16"/><property name="sun.cpu.endian" value="little"/><property name="user.home" value="/Users/dieuveillesuthimpounkouonkoud"/><property name="user.language" value="fr"/><property name="sbt.script" value="/opt/homebrew/Cellar/sbt/1.10.0/libexec/bin/sbt"/><property name="sbt.ipcsocket.tmpdir" value="/var/folders/l0/3gzmw78563l7yfz55mym0b0h0000gn/T/.sbte94b8e47/ipcsocket"/><property name="swoval.tmpdir" value="/var/folders/l0/3gzmw78563l7yfz55mym0b0h0000gn/T/.sbte94b8e47/swoval"/><property name="jline.esc.timeout" value="0"/><property name="ftp.nonProxyHosts" value="local|*.local|169.254/16|*.169.254/16"/><property name="path.separator" value=":"/><property name="os.version" value="14.4"/><property name="jna.nosys" value="true"/><property name="java.runtime.name" value="OpenJDK Runtime Environment"/><property name="java.vm.name" value="OpenJDK 64-Bit Server VM"/><property name="java.vendor.url.bug" value="http://www.azul.com/support/"/><property name="user.dir" value="/Users/dieuveillesuthimpounkouonkoud/Documents/GitHub/2023-server-gros-test-socializus-eu/Webview/FunctionalProg"/><property name="os.arch" value="aarch64"/><property name="java.vm.info" value="mixed mode, sharing"/><property name="java.vm.version" value="17.0.10+7-LTS"/><property name="java.class.version" value="61.0"/>
    </properties>
          <testcase classname="com.mygraph.TopologicalSortSpec" name="TopologicalSort should sort vertices in topological order" time="0.014">
                      
                    </testcase>
          <system-out><![CDATA[]]></system-out>
          <system-err><![CDATA[]]></system-err>
        </testsuite>